=========================================
ä¼ä¸šå¯¼å…¥é”™è¯¯è¯Šæ–­ï¼ˆå¢å¼ºç‰ˆï¼‰
=========================================

[1;33m[1/6] æ£€æŸ¥åç«¯æ—¥å¿—ä¸­çš„é”™è¯¯...[0m

[0;32mâœ“ æ‰¾åˆ°æ—¥å¿—æ–‡ä»¶: logs/enterprise-import-debug.log[0m

[0;34m=== æœ€è¿‘çš„å®Œæ•´å¼‚å¸¸å †æ ˆï¼ˆåŒ…å« Caused byï¼‰===[0m
[[1;31mERROR[m] 
[[1;31mERROR[m] To see the full stack trace of the errors, re-run Maven with the [1m-e[m switch.
[[1;31mERROR[m] Re-run Maven using the [1m-X[m switch to enable full debug logging.
[[1;31mERROR[m] 
[[1;31mERROR[m] For more information about the errors and possible solutions, please read the following articles:
[[1;31mERROR[m] [1m[Help 1][m http://cwiki.apache.org/confluence/display/MAVEN/MojoExecutionException

[0;34m=== æœ€è¿‘çš„ SQL æ‰§è¡Œæ—¥å¿— ===[0m

[0;34m=== æœ€è¿‘çš„ MyBatis å‚æ•° ===[0m

[0;34m=== Mapper åŠ è½½çŠ¶æ€ ===[0m

[1;33m[2/6] æ£€æŸ¥ Mapper XML æ–‡ä»¶...[0m

[0;32mâœ“ ExtEnterpriseProfileMapper.xml å­˜åœ¨[0m
[0;32mâœ“ insertWithDateConversion æ–¹æ³•å·²å®šä¹‰[0m
[0;32mâœ“ jdbcType=DATE å·²é…ç½®[0m

[1;33m[3/6] æ£€æŸ¥æ•°æ®åº“è¿æ¥å’Œçº¦æŸ...[0m

[0;31mâœ— æ•°æ®åº“è¿æ¥å¤±è´¥[0m
è¯·æ£€æŸ¥æ•°æ®åº“æ˜¯å¦å¯åŠ¨ï¼Œç”¨æˆ·åå¯†ç æ˜¯å¦æ­£ç¡®

[1;33m[4/6] æ£€æŸ¥åç«¯è¿›ç¨‹...[0m

[0;32mâœ“ åç«¯è¿›ç¨‹æ­£åœ¨è¿è¡Œ[0m

è¿›ç¨‹ä¿¡æ¯:
rogers    287559  0.1  0.4 21327676 276644 pts/37 Sl+ 08:34   0:23 /usr/bin/java -Djansi.mode=force -classpath /usr/share/maven/boot/plexus-classworlds-2.x.jar -Dclassworlds.conf=/usr/share/maven/bin/m2.conf -Dmaven.home=/usr/share/maven -Dlibrary.jansi.path=/usr/share/maven/lib/jansi-native -Dmaven.multiModuleProjectDirectory=/home/rogers/source/custom/CordysCRM org.codehaus.plexus.classworlds.launcher.Launcher spring-boot:run -pl app -DskipTests -Dspring-boot.run.profiles=dev -Dlogging.level.cn.cordys.crm.integration=DEBUG -Dlogging.level.org.apache.ibatis=DEBUG

[1;33m[5/6] æ£€æŸ¥æœ€è¿‘çš„å¯¼å…¥è®°å½•...[0m


[1;33m[6/6] ç”Ÿæˆè¯Šæ–­æŠ¥å‘Š...[0m

[0;32mâœ“ è¯Šæ–­æŠ¥å‘Šå·²ç”Ÿæˆ: logs/diagnostic_report_20251229_124220.txt[0m


=========================================
è¯Šæ–­å®Œæˆ
=========================================

[1;33mä¸‹ä¸€æ­¥ï¼š[0m
1. å¦‚æœçœ‹åˆ° 'Caused by' é”™è¯¯ï¼Œè¯·å°†å®Œæ•´é”™è¯¯ä¿¡æ¯å‘ç»™æˆ‘
2. å¦‚æœæ²¡æœ‰çœ‹åˆ°é”™è¯¯ï¼Œè¯·è¿è¡Œæµ‹è¯•è„šæœ¬ï¼š
   ./scripts/test_enterprise_import_single.sh
3. ç„¶åå†æ¬¡è¿è¡Œæœ¬è¯Šæ–­è„šæœ¬æŸ¥çœ‹æ–°çš„é”™è¯¯
